15:27:33.471 [main] INFO  testCases.TC001_AccountRegistrationTest - ***** Starting TC001_AccountRegistrationTest *****
15:27:33.962 [main] INFO  testCases.TC001_AccountRegistrationTest - Clicked on MyAccount Link
15:27:34.530 [main] INFO  testCases.TC001_AccountRegistrationTest - Clicked on Register Link
15:27:34.533 [main] INFO  testCases.TC001_AccountRegistrationTest - Proving Customer Details.......
15:27:36.129 [main] INFO  testCases.TC001_AccountRegistrationTest - Validating expected message...
15:27:36.193 [main] ERROR testCases.TC001_AccountRegistrationTest - Test failed..
15:27:36.193 [main] DEBUG testCases.TC001_AccountRegistrationTest - Debug logs..
20:04:21.505 [main] INFO  testCases.TC001_AccountRegistrationTest - ***** Starting TC001_AccountRegistrationTest *****
20:04:21.956 [main] INFO  testCases.TC001_AccountRegistrationTest - Clicked on MyAccount Link
20:04:22.581 [main] INFO  testCases.TC001_AccountRegistrationTest - Clicked on Register Link
20:04:22.585 [main] INFO  testCases.TC001_AccountRegistrationTest - Proving Customer Details.......
20:04:24.108 [main] INFO  testCases.TC001_AccountRegistrationTest - Validating expected message...
20:04:24.232 [main] ERROR testCases.TC001_AccountRegistrationTest - Test failed..
20:04:24.232 [main] DEBUG testCases.TC001_AccountRegistrationTest - Debug logs..
20:06:04.432 [main] INFO  testCases.TC001_AccountRegistrationTest - ***** Starting TC001_AccountRegistrationTest *****
20:06:05.384 [main] INFO  testCases.TC001_AccountRegistrationTest - Clicked on MyAccount Link
20:06:06.213 [main] INFO  testCases.TC001_AccountRegistrationTest - Clicked on Register Link
20:06:06.219 [main] INFO  testCases.TC001_AccountRegistrationTest - Proving Customer Details.......
20:06:08.783 [main] INFO  testCases.TC001_AccountRegistrationTest - Validating expected message...
20:06:08.892 [main] INFO  testCases.TC001_AccountRegistrationTest - ***** Finished TC001_AccountRegistrationTest *****
20:10:49.164 [main] INFO  testCases.TC001_AccountRegistrationTest - ***** Starting TC001_AccountRegistrationTest *****
20:10:49.692 [main] INFO  testCases.TC001_AccountRegistrationTest - Clicked on MyAccount Link
20:10:50.360 [main] INFO  testCases.TC001_AccountRegistrationTest - Clicked on Register Link
20:10:50.461 [main] INFO  testCases.TC001_AccountRegistrationTest - Proving Customer Details.......
20:10:51.877 [main] INFO  testCases.TC001_AccountRegistrationTest - Validating expected message...
20:10:51.962 [main] INFO  testCases.TC001_AccountRegistrationTest - ***** Finished TC001_AccountRegistrationTest *****
20:13:30.501 [main] INFO  testCases.TC001_AccountRegistrationTest - ***** Starting TC001_AccountRegistrationTest *****
20:13:30.888 [main] INFO  testCases.TC001_AccountRegistrationTest - Clicked on MyAccount Link
20:13:31.579 [main] INFO  testCases.TC001_AccountRegistrationTest - Clicked on Register Link
20:13:31.583 [main] INFO  testCases.TC001_AccountRegistrationTest - Proving Customer Details.......
20:13:33.386 [main] INFO  testCases.TC001_AccountRegistrationTest - Validating expected message...
20:13:33.504 [main] INFO  testCases.TC001_AccountRegistrationTest - ***** Finished TC001_AccountRegistrationTest *****
20:15:32.195 [main] INFO  testCases.TC001_AccountRegistrationTest - ***** Starting TC001_AccountRegistrationTest *****
20:15:32.336 [main] INFO  testCases.TC001_AccountRegistrationTest - Clicked on MyAccount Link
20:15:32.955 [main] INFO  testCases.TC001_AccountRegistrationTest - Clicked on Register Link
20:15:32.959 [main] INFO  testCases.TC001_AccountRegistrationTest - Proving Customer Details.......
20:15:34.637 [main] INFO  testCases.TC001_AccountRegistrationTest - Validating expected message...
20:15:34.683 [main] INFO  testCases.TC001_AccountRegistrationTest - ***** Finished TC001_AccountRegistrationTest *****
20:24:28.512 [main] INFO  testCases.TC001_AccountRegistrationTest - ***** Starting TC001_AccountRegistrationTest *****
20:24:28.727 [main] INFO  testCases.TC001_AccountRegistrationTest - Clicked on MyAccount Link
20:24:29.379 [main] INFO  testCases.TC001_AccountRegistrationTest - Clicked on Register Link
20:24:29.389 [main] INFO  testCases.TC001_AccountRegistrationTest - Proving Customer Details.......
20:24:31.753 [main] INFO  testCases.TC001_AccountRegistrationTest - Validating expected message...
20:24:31.872 [main] INFO  testCases.TC001_AccountRegistrationTest - ***** Finished TC001_AccountRegistrationTest *****
20:24:36.773 [main] INFO  testCases.TC001_AccountRegistrationTest - ***** Starting TC001_AccountRegistrationTest *****
20:24:36.898 [main] INFO  testCases.TC001_AccountRegistrationTest - Clicked on MyAccount Link
20:24:37.398 [main] INFO  testCases.TC001_AccountRegistrationTest - Clicked on Register Link
20:24:37.399 [main] INFO  testCases.TC001_AccountRegistrationTest - Proving Customer Details.......
20:24:38.989 [main] INFO  testCases.TC001_AccountRegistrationTest - Validating expected message...
