17:09:59.032 [main] INFO  testCases.TC001_LoginTest - Providing details...
17:11:29.292 [main] INFO  testCases.TC001_LoginTest - ***** Starting TC001_LoginTest Successfully *****
17:11:29.302 [main] INFO  testCases.TC001_LoginTest - Providing details...
17:11:52.969 [main] INFO  testCases.TC001_LoginTest - ***** Starting TC001_LoginTest Successfully *****
17:11:52.978 [main] INFO  testCases.TC001_LoginTest - Providing details...
17:14:26.746 [main] INFO  testCases.TC001_LoginTest - ***** Starting TC001_LoginTest Successfully *****
17:14:26.751 [main] INFO  testCases.TC001_LoginTest - Providing details...
17:17:59.502 [main] INFO  testCases.TC001_LoginTest - ***** Starting TC001_LoginTest Successfully *****
17:17:59.507 [main] INFO  testCases.TC001_LoginTest - Providing details...
17:18:58.108 [main] INFO  testCases.TC001_LoginTest - ***** Starting TC001_LoginTest Successfully *****
17:18:58.111 [main] INFO  testCases.TC001_LoginTest - Providing details...
17:22:33.310 [main] INFO  testCases.TC001_LoginTest - ***** Starting TC001_LoginTest Successfully *****
17:22:33.319 [main] INFO  testCases.TC001_LoginTest - Providing details...
17:22:35.464 [main] INFO  testCases.TC001_LoginTest - setting email...
17:26:57.622 [main] INFO  testCases.TC001_LoginTest - ***** Starting TC001_LoginTest Successfully *****
17:26:57.724 [main] INFO  testCases.TC001_LoginTest - Providing details...
17:26:59.851 [main] INFO  testCases.TC001_LoginTest - setting email...
17:26:59.934 [main] INFO  testCases.TC001_LoginTest - setting password...
17:27:01.291 [main] INFO  testCases.TC001_LoginTest - Clicking on Login button...
17:27:01.829 [main] INFO  testCases.TC001_LoginTest - Logged in Successfully
17:27:03.843 [main] INFO  testCases.TC001_LoginTest - ***** Finished TC001_LoginTest Successfully *****
17:27:40.014 [main] INFO  testCases.TC001_LoginTest - ***** Starting TC001_LoginTest Successfully *****
17:27:40.022 [main] INFO  testCases.TC001_LoginTest - Providing details...
17:27:42.168 [main] INFO  testCases.TC001_LoginTest - setting email...
17:27:42.255 [main] INFO  testCases.TC001_LoginTest - setting password...
17:27:42.316 [main] INFO  testCases.TC001_LoginTest - Clicking on Login button...
17:27:44.024 [main] INFO  testCases.TC001_LoginTest - Logged in Successfully
17:27:46.034 [main] INFO  testCases.TC001_LoginTest - ***** Finished TC001_LoginTest Successfully *****
11:44:36.658 [main] INFO  testCases.TC001_LoginTest - ***** Starting TC001_LoginTest Successfully *****
11:44:36.663 [main] INFO  testCases.TC001_LoginTest - Providing details...
11:44:38.937 [main] INFO  testCases.TC001_LoginTest - setting email...
11:44:39.033 [main] INFO  testCases.TC001_LoginTest - setting password...
11:44:41.029 [main] INFO  testCases.TC001_LoginTest - Clicking on Login button...
11:44:41.729 [main] INFO  testCases.TC001_LoginTest - Logged in Successfully
11:44:43.733 [main] INFO  testCases.TC001_LoginTest - ***** Finished TC001_LoginTest Successfully *****
