19:54:42.074 [main] DEBUG org.apache.poi.openxml4j.opc.PackageRelationshipCollection - Parsing relationship: /xl/worksheets/_rels/sheet1.xml.rels
19:54:42.078 [main] DEBUG org.apache.poi.openxml4j.opc.PackageRelationshipCollection - Parsing relationship: /_rels/.rels
19:54:42.112 [main] DEBUG org.apache.poi.openxml4j.opc.PackageRelationshipCollection - Parsing relationship: /xl/_rels/workbook.xml.rels
19:54:42.113 [main] DEBUG org.apache.poi.openxml4j.opc.PackageRelationshipCollection - Parsing relationship: /xl/worksheets/_rels/sheet1.xml.rels
19:54:42.114 [main] DEBUG org.apache.poi.openxml4j.opc.PackageRelationshipCollection - Parsing relationship: /_rels/.rels
19:54:42.254 [main] INFO  testCases.TC003_LoginDDT - ***** Starting TC003_LoginDDT *****
19:54:48.480 [main] INFO  testCases.TC003_LoginDDT - ***** Finished TC003_LoginDDT *****
19:54:48.552 [main] INFO  testCases.TC003_LoginDDT - ***** Starting TC003_LoginDDT *****
19:54:53.020 [main] INFO  testCases.TC003_LoginDDT - ***** Finished TC003_LoginDDT *****
19:54:53.034 [main] INFO  testCases.TC003_LoginDDT - ***** Starting TC003_LoginDDT *****
19:54:56.987 [main] INFO  testCases.TC003_LoginDDT - ***** Finished TC003_LoginDDT *****
19:54:56.992 [main] INFO  testCases.TC003_LoginDDT - ***** Starting TC003_LoginDDT *****
19:55:10.192 [main] INFO  testCases.TC003_LoginDDT - ***** Finished TC003_LoginDDT *****
19:55:10.195 [main] INFO  testCases.TC003_LoginDDT - ***** Starting TC003_LoginDDT *****
19:55:15.095 [main] INFO  testCases.TC003_LoginDDT - ***** Finished TC003_LoginDDT *****
19:55:15.103 [main] INFO  testCases.TC003_LoginDDT - ***** Starting TC003_LoginDDT *****
19:55:29.405 [main] INFO  testCases.TC003_LoginDDT - ***** Finished TC003_LoginDDT *****
19:56:12.953 [main] INFO  testCases.TC001_AccountRegistrationTest - ***** Starting TC001_AccountRegistrationTest *****
19:56:13.220 [main] INFO  testCases.TC001_AccountRegistrationTest - Clicked on MyAccount Link
19:56:13.943 [main] INFO  testCases.TC001_AccountRegistrationTest - Clicked on Register Link
19:56:13.948 [main] INFO  testCases.TC001_AccountRegistrationTest - Proving Customer Details.......
19:56:15.404 [main] INFO  testCases.TC001_AccountRegistrationTest - Validating expected message...
19:56:15.479 [main] INFO  testCases.TC001_AccountRegistrationTest - ***** Finished TC001_AccountRegistrationTest *****
19:56:19.196 [main] INFO  testCases.TC002_LoginTest - ***** Starting TC002_LoginTest *****
19:58:45.178 [main] INFO  testCases.TC001_AccountRegistrationTest - ***** Starting TC001_AccountRegistrationTest *****
19:58:45.689 [main] INFO  testCases.TC001_AccountRegistrationTest - Clicked on MyAccount Link
19:58:46.354 [main] INFO  testCases.TC001_AccountRegistrationTest - Clicked on Register Link
19:58:46.361 [main] INFO  testCases.TC001_AccountRegistrationTest - Proving Customer Details.......
19:58:48.200 [main] INFO  testCases.TC001_AccountRegistrationTest - Validating expected message...
19:58:48.301 [main] INFO  testCases.TC001_AccountRegistrationTest - ***** Finished TC001_AccountRegistrationTest *****
19:58:52.119 [main] INFO  testCases.TC002_LoginTest - ***** Starting TC002_LoginTest *****
20:01:45.923 [main] INFO  testCases.TC002_LoginTest - ***** Starting TC002_LoginTest *****
20:02:46.336 [main] INFO  testCases.TC002_LoginTest - ***** Starting TC002_LoginTest *****
20:02:48.479 [main] INFO  testCases.TC002_LoginTest - ***** Finished TC002_LoginTest *****
18:53:31.614 [main] INFO  testCases.TC001_AccountRegistrationTest - ***** Starting TC001_AccountRegistrationTest *****
18:53:31.754 [main] INFO  testCases.TC001_AccountRegistrationTest - Clicked on MyAccount Link
18:53:32.114 [main] INFO  testCases.TC001_AccountRegistrationTest - Clicked on Register Link
18:53:32.117 [main] INFO  testCases.TC001_AccountRegistrationTest - Proving Customer Details.......
18:53:33.163 [main] INFO  testCases.TC001_AccountRegistrationTest - Validating expected message...
18:53:33.221 [main] INFO  testCases.TC001_AccountRegistrationTest - ***** Finished TC001_AccountRegistrationTest *****
18:53:35.367 [main] INFO  testCases.TC002_LoginTest - ***** Starting TC002_LoginTest *****
18:53:36.945 [main] INFO  testCases.TC002_LoginTest - ***** Finished TC002_LoginTest *****
20:02:07.637 [main] INFO  testCases.TC001_AccountRegistrationTest - ***** Starting TC001_AccountRegistrationTest *****
20:02:07.805 [main] INFO  testCases.TC001_AccountRegistrationTest - Clicked on MyAccount Link
20:02:08.175 [main] INFO  testCases.TC001_AccountRegistrationTest - Clicked on Register Link
20:02:08.288 [main] INFO  testCases.TC001_AccountRegistrationTest - Proving Customer Details.......
20:02:09.331 [main] INFO  testCases.TC001_AccountRegistrationTest - Validating expected message...
20:02:09.405 [main] INFO  testCases.TC001_AccountRegistrationTest - ***** Finished TC001_AccountRegistrationTest *****
20:02:11.680 [main] INFO  testCases.TC002_LoginTest - ***** Starting TC002_LoginTest *****
